Arguments: 
  C:\Program Files\nodejs\node.exe C:\Program Files (x86)\Yarn\bin\yarn.js run

PATH: 
  C:\Python27\;C:\Python27\Scripts;C:\PROGRA~2\Borland\CBUILD~1\Bin;C:\PROGRA~2\Borland\CBUILD~1\Projects\Bpl;C:\WINDOWS\system32;C:\WINDOWS;C:\WINDOWS\System32\Wbem;C:\WINDOWS\System32\WindowsPowerShell\v1.0\;C:\Program Files\Microsoft SQL Server\130\Tools\Binn\;C:\Program Files\Git\cmd;C:\ProgramData\chocolatey\bin;C:\Program Files\Java\jdk1.8.0_181\bin;C:\platform-tools;C:\Program Files (x86)\Yarn\bin\;C:\Program Files\nodejs\;C:\Users\Dmitry\AppData\Local\Microsoft\WindowsApps;C:\Users\Dmitry\AppData\Local\atom\bin;C:\Users\Dmitry\AppData\Local\GitHubDesktop\bin;C:\Users\Dmitry\AppData\Local\Yarn\bin;C:\Users\Dmitry\AppData\Roaming\npm

Yarn version: 
  1.10.1

Node version: 
  8.12.0

Platform: 
  win32 x64

Trace: 
  SyntaxError: C:\Users\Dmitry\Desktop\zekaProject\package.json: Unexpected token } in JSON at position 188
      at JSON.parse (<anonymous>)
      at C:\Program Files (x86)\Yarn\lib\cli.js:1136:59
      at Generator.next (<anonymous>)
      at step (C:\Program Files (x86)\Yarn\lib\cli.js:98:30)
      at C:\Program Files (x86)\Yarn\lib\cli.js:109:13
      at <anonymous>

npm manifest: 
  {
    "name": "myproject",
    "version": "1.0.0",
    "description": "My First Gulp Project",
    "main": "index.js",
    "scripts": {
      "test": "echo \"Error: no test specified\" && exit 1",
  
    },
    "author": "WebDesign Master",
    "license": "ISC",
    "devDependencies": {
      "browser-sync": "^2.24.4",
      "del": "^3.0.0",
      "gulp": "^3.9.1",
      "gulp-autoprefixer": "^5.0.0",
      "gulp-cache": "^1.0.2",
      "gulp-concat": "^2.6.1",
      "gulp-cssnano": "^2.1.3",
      "gulp-imagemin": "^4.1.0",
      "gulp-rename": "^1.2.2",
      "gulp-sass": "^4.0.1",
      "gulp-uglifyjs": "^0.6.2",
      "imagemin-pngquant": "^5.1.0"
    }
  }

yarn manifest: 
  No manifest

Lockfile: 
  No lockfile
